<?xml version="1.0" encoding="UTF-8"?>
<!-- Generated by org.testng.reporters.JUnitXMLReporter -->
<testsuite ignored="9" hostname="Medge570" failures="0" tests="1" name="Default test" time="11.851" errors="0" timestamp="2022-08-03T13:36:21 GMT+05:30">
  <testcase classname="com.tideselenium.runner.Runner" name="testCase7" time="8.521"/>
  <testcase classname="com.tideselenium.runner.Runner" name="testCase10" time="0.0">
    <ignored/>
  </testcase> <!-- testCase10 -->
  <testcase classname="com.tideselenium.runner.Runner" name="testCase3" time="0.0">
    <ignored/>
  </testcase> <!-- testCase3 -->
  <testcase classname="com.tideselenium.runner.Runner" name="test" time="0.0">
    <ignored/>
  </testcase> <!-- test -->
  <testcase classname="com.tideselenium.runner.Runner" name="testCase5" time="0.0">
    <ignored/>
  </testcase> <!-- testCase5 -->
  <testcase classname="com.tideselenium.runner.Runner" name="testCase2" time="0.0">
    <ignored/>
  </testcase> <!-- testCase2 -->
  <testcase classname="com.tideselenium.runner.Runner" name="testCase4" time="0.0">
    <ignored/>
  </testcase> <!-- testCase4 -->
  <testcase classname="com.tideselenium.runner.Runner" name="testCase9" time="0.0">
    <ignored/>
  </testcase> <!-- testCase9 -->
  <testcase classname="com.tideselenium.runner.Runner" name="testCase6" time="0.0">
    <ignored/>
  </testcase> <!-- testCase6 -->
  <testcase classname="com.tideselenium.runner.Runner" name="testCase8" time="0.0">
    <ignored/>
  </testcase> <!-- testCase8 -->
</testsuite> <!-- Default test -->
